  callbacks.cpp
C:\Users\User\Desktop\practice\EnetPorting\EnetPorting\callbacks.h(27,29): error C3861: 'Forward': 식별자를 찾을 수 없습니다.
C:\Users\User\Desktop\practice\EnetPorting\EnetPorting\callbacks.h(42): message : 컴파일되는 클래스 템플릿 인스턴스화 'EnetFunction<Ret,Args...>'에 대한 참조를 확인하세요.
C:\Users\User\Desktop\practice\EnetPorting\EnetPorting\callbacks.h(27,29): error C2065: 'Forward': 선언되지 않은 식별자입니다.
C:\Users\User\Desktop\practice\EnetPorting\EnetPorting\Defines.h(5,1): warning C4005: 'ENET_API': 매크로 재정의
C:\Users\User\Desktop\practice\EnetPorting\EnetPorting\Types.h(35): message : 'ENET_API'의 이전 정의를 참조하십시오.
C:\Users\User\Desktop\practice\EnetPorting\EnetPorting\Packet.h(66,28): error C2039: 'shared_ptr': 'std'의 멤버가 아닙니다.
C:\Program Files\Microsoft Visual Studio\2022\Community\VC\Tools\MSVC\14.33.31629\include\list(24): message : 'std' 선언을 참조하십시오.
C:\Users\User\Desktop\practice\EnetPorting\EnetPorting\Packet.h(66,38): error C2061: 구문 오류: 식별자 'shared_ptr'
C:\Users\User\Desktop\practice\EnetPorting\EnetPorting\list.h(36,21): error C2143: 구문 오류: ';'이(가) '&' 앞에 없습니다.
C:\Users\User\Desktop\practice\EnetPorting\EnetPorting\list.h(66): message : 컴파일되는 클래스 템플릿 인스턴스화 'ENetIterator<T>'에 대한 참조를 확인하세요.
C:\Users\User\Desktop\practice\EnetPorting\EnetPorting\list.h(36,1): error C4430: 형식 지정자가 없습니다. int로 가정합니다. 참고: C++에서는 기본 int를 지원하지 않습니다.
C:\Users\User\Desktop\practice\EnetPorting\EnetPorting\list.h(36,1): error C2334: '{' 앞에 예기치 않은 토큰이 있습니다. 명백한 함수 본문을 건너뜁니다.
C:\Users\User\Desktop\practice\EnetPorting\EnetPorting\list.h(41,22): error C2143: 구문 오류: ';'이(가) '++' 앞에 없습니다.
C:\Users\User\Desktop\practice\EnetPorting\EnetPorting\list.h(41,1): error C4430: 형식 지정자가 없습니다. int로 가정합니다. 참고: C++에서는 기본 int를 지원하지 않습니다.
C:\Users\User\Desktop\practice\EnetPorting\EnetPorting\list.h(47,21): error C2143: 구문 오류: ';'이(가) '&' 앞에 없습니다.
C:\Users\User\Desktop\practice\EnetPorting\EnetPorting\list.h(47,1): error C4430: 형식 지정자가 없습니다. int로 가정합니다. 참고: C++에서는 기본 int를 지원하지 않습니다.
C:\Users\User\Desktop\practice\EnetPorting\EnetPorting\list.h(47,1): error C2334: '{' 앞에 예기치 않은 토큰이 있습니다. 명백한 함수 본문을 건너뜁니다.
C:\Users\User\Desktop\practice\EnetPorting\EnetPorting\list.h(52,22): error C2143: 구문 오류: ';'이(가) '--' 앞에 없습니다.
C:\Users\User\Desktop\practice\EnetPorting\EnetPorting\list.h(52,1): error C4430: 형식 지정자가 없습니다. int로 가정합니다. 참고: C++에서는 기본 int를 지원하지 않습니다.
C:\Users\User\Desktop\practice\EnetPorting\EnetPorting\list.h(42,9): error C2065: 'ENetListIterator': 선언되지 않은 식별자입니다.
C:\Users\User\Desktop\practice\EnetPorting\EnetPorting\list.h(42,26): error C3878: 구문 오류: 예기치 않은 토큰 '식별자'이(가) 'expression' 다음에 있습니다.
C:\Users\User\Desktop\practice\EnetPorting\EnetPorting\list.h(42,26): message : 오류 복구를 건너뛰었습니다. '식별자 ( *  . . . this'
C:\Users\User\Desktop\practice\EnetPorting\EnetPorting\list.h(42,35): error C2760: 구문 오류: 여기서 ')'은(는) 예상치 못한 오류였습니다. 예상된 오류는 ';'였습니다
C:\Users\User\Desktop\practice\EnetPorting\EnetPorting\list.h(42,35): error C3878: 구문 오류: 예기치 않은 토큰 ')'이(가) 'expression_statement' 다음에 있습니다.
C:\Users\User\Desktop\practice\EnetPorting\EnetPorting\list.h(42,35): message : 오류 복구를 건너뛰었습니다. ')'
C:\Users\User\Desktop\practice\EnetPorting\EnetPorting\list.h(44,16): error C2065: 'tmp': 선언되지 않은 식별자입니다.
C:\Users\User\Desktop\practice\EnetPorting\EnetPorting\list.h(53,9): error C2065: 'ENetListIterator': 선언되지 않은 식별자입니다.
C:\Users\User\Desktop\practice\EnetPorting\EnetPorting\list.h(53,26): error C3878: 구문 오류: 예기치 않은 토큰 '식별자'이(가) 'expression' 다음에 있습니다.
C:\Users\User\Desktop\practice\EnetPorting\EnetPorting\list.h(53,26): message : 오류 복구를 건너뛰었습니다. '식별자 ( *  . . . this'
C:\Users\User\Desktop\practice\EnetPorting\EnetPorting\list.h(53,35): error C2760: 구문 오류: 여기서 ')'은(는) 예상치 못한 오류였습니다. 예상된 오류는 ';'였습니다
C:\Users\User\Desktop\practice\EnetPorting\EnetPorting\list.h(53,35): error C3878: 구문 오류: 예기치 않은 토큰 ')'이(가) 'expression_statement' 다음에 있습니다.
C:\Users\User\Desktop\practice\EnetPorting\EnetPorting\list.h(53,35): message : 오류 복구를 건너뛰었습니다. ')'
C:\Users\User\Desktop\practice\EnetPorting\EnetPorting\list.h(55,16): error C2065: 'tmp': 선언되지 않은 식별자입니다.
C:\Users\User\Desktop\practice\EnetPorting\EnetPorting\enet.h(198,13): error C2143: 구문 오류: ';'이(가) '*' 앞에 없습니다.
C:\Users\User\Desktop\practice\EnetPorting\EnetPorting\enet.h(198,13): error C4430: 형식 지정자가 없습니다. int로 가정합니다. 참고: C++에서는 기본 int를 지원하지 않습니다.
C:\Users\User\Desktop\practice\EnetPorting\EnetPorting\enet.h(198,19): error C2238: ';' 앞에 예기치 않은 토큰이 있습니다.
C:\Users\User\Desktop\practice\EnetPorting\EnetPorting\enet.h(392,2): warning C4091: 'typedef ': 변수를 선언하지 않으면 'ENetEvent' 왼쪽은 무시됩니다.
C:\Users\User\Desktop\practice\EnetPorting\EnetPorting\enet.h(395,1): error C2011: 'ENetBuffer': 'struct' 형식 재정의
C:\Users\User\Desktop\practice\EnetPorting\EnetPorting\Types.h(20): message : 'ENetBuffer' 선언을 참조하십시오.
C:\Users\User\Desktop\practice\EnetPorting\EnetPorting\callbacks.cpp(44,1): error C2556: 'void *enet_free(void *)': 오버로드된 함수가 'void enet_free(void *)'과(와) 반환 형식만 다릅니다.
C:\Users\User\Desktop\practice\EnetPorting\EnetPorting\callbacks.h(55): message : 'enet_free' 선언을 참조하십시오.
C:\Users\User\Desktop\practice\EnetPorting\EnetPorting\callbacks.cpp(43,7): error C2040: 'enet_free': 'void *(void *)'의 간접 참조 수준이 'void (void *)'과(와) 다릅니다.
  enet.cpp
C:\Users\User\Desktop\practice\EnetPorting\EnetPorting\Defines.h(5,1): warning C4005: 'ENET_API': 매크로 재정의
C:\Users\User\Desktop\practice\EnetPorting\EnetPorting\Types.h(35): message : 'ENET_API'의 이전 정의를 참조하십시오.
C:\Users\User\Desktop\practice\EnetPorting\EnetPorting\Packet.h(66,28): error C2039: 'shared_ptr': 'std'의 멤버가 아닙니다.
C:\Program Files\Microsoft Visual Studio\2022\Community\VC\Tools\MSVC\14.33.31629\include\list(24): message : 'std' 선언을 참조하십시오.
C:\Users\User\Desktop\practice\EnetPorting\EnetPorting\Packet.h(66,38): error C2061: 구문 오류: 식별자 'shared_ptr'
C:\Users\User\Desktop\practice\EnetPorting\EnetPorting\callbacks.h(27,29): error C3861: 'Forward': 식별자를 찾을 수 없습니다.
C:\Users\User\Desktop\practice\EnetPorting\EnetPorting\callbacks.h(42): message : 컴파일되는 클래스 템플릿 인스턴스화 'EnetFunction<Ret,Args...>'에 대한 참조를 확인하세요.
C:\Users\User\Desktop\practice\EnetPorting\EnetPorting\callbacks.h(27,29): error C2065: 'Forward': 선언되지 않은 식별자입니다.
C:\Users\User\Desktop\practice\EnetPorting\EnetPorting\list.h(36,21): error C2143: 구문 오류: ';'이(가) '&' 앞에 없습니다.
C:\Users\User\Desktop\practice\EnetPorting\EnetPorting\list.h(66): message : 컴파일되는 클래스 템플릿 인스턴스화 'ENetIterator<T>'에 대한 참조를 확인하세요.
C:\Users\User\Desktop\practice\EnetPorting\EnetPorting\list.h(36,1): error C4430: 형식 지정자가 없습니다. int로 가정합니다. 참고: C++에서는 기본 int를 지원하지 않습니다.
C:\Users\User\Desktop\practice\EnetPorting\EnetPorting\list.h(36,1): error C2334: '{' 앞에 예기치 않은 토큰이 있습니다. 명백한 함수 본문을 건너뜁니다.
C:\Users\User\Desktop\practice\EnetPorting\EnetPorting\list.h(41,22): error C2143: 구문 오류: ';'이(가) '++' 앞에 없습니다.
C:\Users\User\Desktop\practice\EnetPorting\EnetPorting\list.h(41,1): error C4430: 형식 지정자가 없습니다. int로 가정합니다. 참고: C++에서는 기본 int를 지원하지 않습니다.
C:\Users\User\Desktop\practice\EnetPorting\EnetPorting\list.h(47,21): error C2143: 구문 오류: ';'이(가) '&' 앞에 없습니다.
C:\Users\User\Desktop\practice\EnetPorting\EnetPorting\list.h(47,1): error C4430: 형식 지정자가 없습니다. int로 가정합니다. 참고: C++에서는 기본 int를 지원하지 않습니다.
C:\Users\User\Desktop\practice\EnetPorting\EnetPorting\list.h(47,1): error C2334: '{' 앞에 예기치 않은 토큰이 있습니다. 명백한 함수 본문을 건너뜁니다.
C:\Users\User\Desktop\practice\EnetPorting\EnetPorting\list.h(52,22): error C2143: 구문 오류: ';'이(가) '--' 앞에 없습니다.
C:\Users\User\Desktop\practice\EnetPorting\EnetPorting\list.h(52,1): error C4430: 형식 지정자가 없습니다. int로 가정합니다. 참고: C++에서는 기본 int를 지원하지 않습니다.
C:\Users\User\Desktop\practice\EnetPorting\EnetPorting\list.h(42,9): error C2065: 'ENetListIterator': 선언되지 않은 식별자입니다.
C:\Users\User\Desktop\practice\EnetPorting\EnetPorting\list.h(42,26): error C3878: 구문 오류: 예기치 않은 토큰 '식별자'이(가) 'expression' 다음에 있습니다.
C:\Users\User\Desktop\practice\EnetPorting\EnetPorting\list.h(42,26): message : 오류 복구를 건너뛰었습니다. '식별자 ( *  . . . this'
C:\Users\User\Desktop\practice\EnetPorting\EnetPorting\list.h(42,35): error C2760: 구문 오류: 여기서 ')'은(는) 예상치 못한 오류였습니다. 예상된 오류는 ';'였습니다
C:\Users\User\Desktop\practice\EnetPorting\EnetPorting\list.h(42,35): error C3878: 구문 오류: 예기치 않은 토큰 ')'이(가) 'expression_statement' 다음에 있습니다.
C:\Users\User\Desktop\practice\EnetPorting\EnetPorting\list.h(42,35): message : 오류 복구를 건너뛰었습니다. ')'
C:\Users\User\Desktop\practice\EnetPorting\EnetPorting\list.h(44,16): error C2065: 'tmp': 선언되지 않은 식별자입니다.
C:\Users\User\Desktop\practice\EnetPorting\EnetPorting\list.h(53,9): error C2065: 'ENetListIterator': 선언되지 않은 식별자입니다.
C:\Users\User\Desktop\practice\EnetPorting\EnetPorting\list.h(53,26): error C3878: 구문 오류: 예기치 않은 토큰 '식별자'이(가) 'expression' 다음에 있습니다.
C:\Users\User\Desktop\practice\EnetPorting\EnetPorting\list.h(53,26): message : 오류 복구를 건너뛰었습니다. '식별자 ( *  . . . this'
C:\Users\User\Desktop\practice\EnetPorting\EnetPorting\list.h(53,35): error C2760: 구문 오류: 여기서 ')'은(는) 예상치 못한 오류였습니다. 예상된 오류는 ';'였습니다
C:\Users\User\Desktop\practice\EnetPorting\EnetPorting\list.h(53,35): error C3878: 구문 오류: 예기치 않은 토큰 ')'이(가) 'expression_statement' 다음에 있습니다.
C:\Users\User\Desktop\practice\EnetPorting\EnetPorting\list.h(53,35): message : 오류 복구를 건너뛰었습니다. ')'
C:\Users\User\Desktop\practice\EnetPorting\EnetPorting\list.h(55,16): error C2065: 'tmp': 선언되지 않은 식별자입니다.
C:\Users\User\Desktop\practice\EnetPorting\EnetPorting\enet.h(198,13): error C2143: 구문 오류: ';'이(가) '*' 앞에 없습니다.
C:\Users\User\Desktop\practice\EnetPorting\EnetPorting\enet.h(198,13): error C4430: 형식 지정자가 없습니다. int로 가정합니다. 참고: C++에서는 기본 int를 지원하지 않습니다.
C:\Users\User\Desktop\practice\EnetPorting\EnetPorting\enet.h(198,19): error C2238: ';' 앞에 예기치 않은 토큰이 있습니다.
C:\Users\User\Desktop\practice\EnetPorting\EnetPorting\enet.h(392,2): warning C4091: 'typedef ': 변수를 선언하지 않으면 'ENetEvent' 왼쪽은 무시됩니다.
C:\Users\User\Desktop\practice\EnetPorting\EnetPorting\enet.h(395,1): error C2011: 'ENetBuffer': 'struct' 형식 재정의
C:\Users\User\Desktop\practice\EnetPorting\EnetPorting\Types.h(20): message : 'ENetBuffer' 선언을 참조하십시오.
C:\Users\User\Desktop\practice\EnetPorting\EnetPorting\enet.cpp(90,17): error C4996: 'gethostbyname': Use getaddrinfo() or GetAddrInfoW() instead or define _WINSOCK_DEPRECATED_NO_WARNINGS to disable deprecated API warnings
C:\Users\User\Desktop\practice\EnetPorting\EnetPorting\enet.cpp(102,18): error C4996: 'inet_ntoa': Use inet_ntop() or InetNtop() instead or define _WINSOCK_DEPRECATED_NO_WARNINGS to disable deprecated API warnings
C:\Users\User\Desktop\practice\EnetPorting\EnetPorting\enet.cpp(122,17): error C4996: 'gethostbyaddr': Use getnameinfo() or GetNameInfoW() instead or define _WINSOCK_DEPRECATED_NO_WARNINGS to disable deprecated API warnings
C:\Users\User\Desktop\practice\EnetPorting\EnetPorting\enet.cpp(394,42): warning C4244: '인수': 'SOCKET'에서 'int'(으)로 변환하면서 데이터가 손실될 수 있습니다.
C:\Users\User\Desktop\practice\EnetPorting\EnetPorting\enet.cpp(415,46): warning C4244: '인수': 'SOCKET'에서 'int'(으)로 변환하면서 데이터가 손실될 수 있습니다.
  EnetPorting.cpp
  host.cpp
C:\Users\User\Desktop\practice\EnetPorting\EnetPorting\Defines.h(5,1): warning C4005: 'ENET_API': 매크로 재정의
C:\Users\User\Desktop\practice\EnetPorting\EnetPorting\Types.h(35): message : 'ENET_API'의 이전 정의를 참조하십시오.
C:\Users\User\Desktop\practice\EnetPorting\EnetPorting\Packet.h(66,28): error C2039: 'shared_ptr': 'std'의 멤버가 아닙니다.
C:\Program Files\Microsoft Visual Studio\2022\Community\VC\Tools\MSVC\14.33.31629\include\list(24): message : 'std' 선언을 참조하십시오.
C:\Users\User\Desktop\practice\EnetPorting\EnetPorting\Packet.h(66,38): error C2061: 구문 오류: 식별자 'shared_ptr'
C:\Users\User\Desktop\practice\EnetPorting\EnetPorting\callbacks.h(27,29): error C3861: 'Forward': 식별자를 찾을 수 없습니다.
C:\Users\User\Desktop\practice\EnetPorting\EnetPorting\callbacks.h(42): message : 컴파일되는 클래스 템플릿 인스턴스화 'EnetFunction<Ret,Args...>'에 대한 참조를 확인하세요.
C:\Users\User\Desktop\practice\EnetPorting\EnetPorting\callbacks.h(27,29): error C2065: 'Forward': 선언되지 않은 식별자입니다.
C:\Users\User\Desktop\practice\EnetPorting\EnetPorting\list.h(36,21): error C2143: 구문 오류: ';'이(가) '&' 앞에 없습니다.
C:\Users\User\Desktop\practice\EnetPorting\EnetPorting\list.h(66): message : 컴파일되는 클래스 템플릿 인스턴스화 'ENetIterator<T>'에 대한 참조를 확인하세요.
C:\Users\User\Desktop\practice\EnetPorting\EnetPorting\list.h(36,1): error C4430: 형식 지정자가 없습니다. int로 가정합니다. 참고: C++에서는 기본 int를 지원하지 않습니다.
C:\Users\User\Desktop\practice\EnetPorting\EnetPorting\list.h(36,1): error C2334: '{' 앞에 예기치 않은 토큰이 있습니다. 명백한 함수 본문을 건너뜁니다.
C:\Users\User\Desktop\practice\EnetPorting\EnetPorting\list.h(41,22): error C2143: 구문 오류: ';'이(가) '++' 앞에 없습니다.
C:\Users\User\Desktop\practice\EnetPorting\EnetPorting\list.h(41,1): error C4430: 형식 지정자가 없습니다. int로 가정합니다. 참고: C++에서는 기본 int를 지원하지 않습니다.
C:\Users\User\Desktop\practice\EnetPorting\EnetPorting\list.h(47,21): error C2143: 구문 오류: ';'이(가) '&' 앞에 없습니다.
C:\Users\User\Desktop\practice\EnetPorting\EnetPorting\list.h(47,1): error C4430: 형식 지정자가 없습니다. int로 가정합니다. 참고: C++에서는 기본 int를 지원하지 않습니다.
C:\Users\User\Desktop\practice\EnetPorting\EnetPorting\list.h(47,1): error C2334: '{' 앞에 예기치 않은 토큰이 있습니다. 명백한 함수 본문을 건너뜁니다.
C:\Users\User\Desktop\practice\EnetPorting\EnetPorting\list.h(52,22): error C2143: 구문 오류: ';'이(가) '--' 앞에 없습니다.
C:\Users\User\Desktop\practice\EnetPorting\EnetPorting\list.h(52,1): error C4430: 형식 지정자가 없습니다. int로 가정합니다. 참고: C++에서는 기본 int를 지원하지 않습니다.
C:\Users\User\Desktop\practice\EnetPorting\EnetPorting\list.h(42,9): error C2065: 'ENetListIterator': 선언되지 않은 식별자입니다.
C:\Users\User\Desktop\practice\EnetPorting\EnetPorting\list.h(42,26): error C3878: 구문 오류: 예기치 않은 토큰 '식별자'이(가) 'expression' 다음에 있습니다.
C:\Users\User\Desktop\practice\EnetPorting\EnetPorting\list.h(42,26): message : 오류 복구를 건너뛰었습니다. '식별자 ( *  . . . this'
C:\Users\User\Desktop\practice\EnetPorting\EnetPorting\list.h(42,35): error C2760: 구문 오류: 여기서 ')'은(는) 예상치 못한 오류였습니다. 예상된 오류는 ';'였습니다
C:\Users\User\Desktop\practice\EnetPorting\EnetPorting\list.h(42,35): error C3878: 구문 오류: 예기치 않은 토큰 ')'이(가) 'expression_statement' 다음에 있습니다.
C:\Users\User\Desktop\practice\EnetPorting\EnetPorting\list.h(42,35): message : 오류 복구를 건너뛰었습니다. ')'
C:\Users\User\Desktop\practice\EnetPorting\EnetPorting\list.h(44,16): error C2065: 'tmp': 선언되지 않은 식별자입니다.
C:\Users\User\Desktop\practice\EnetPorting\EnetPorting\list.h(53,9): error C2065: 'ENetListIterator': 선언되지 않은 식별자입니다.
C:\Users\User\Desktop\practice\EnetPorting\EnetPorting\list.h(53,26): error C3878: 구문 오류: 예기치 않은 토큰 '식별자'이(가) 'expression' 다음에 있습니다.
C:\Users\User\Desktop\practice\EnetPorting\EnetPorting\list.h(53,26): message : 오류 복구를 건너뛰었습니다. '식별자 ( *  . . . this'
C:\Users\User\Desktop\practice\EnetPorting\EnetPorting\list.h(53,35): error C2760: 구문 오류: 여기서 ')'은(는) 예상치 못한 오류였습니다. 예상된 오류는 ';'였습니다
C:\Users\User\Desktop\practice\EnetPorting\EnetPorting\list.h(53,35): error C3878: 구문 오류: 예기치 않은 토큰 ')'이(가) 'expression_statement' 다음에 있습니다.
C:\Users\User\Desktop\practice\EnetPorting\EnetPorting\list.h(53,35): message : 오류 복구를 건너뛰었습니다. ')'
C:\Users\User\Desktop\practice\EnetPorting\EnetPorting\list.h(55,16): error C2065: 'tmp': 선언되지 않은 식별자입니다.
C:\Users\User\Desktop\practice\EnetPorting\EnetPorting\enet.h(198,13): error C2143: 구문 오류: ';'이(가) '*' 앞에 없습니다.
C:\Users\User\Desktop\practice\EnetPorting\EnetPorting\enet.h(198,13): error C4430: 형식 지정자가 없습니다. int로 가정합니다. 참고: C++에서는 기본 int를 지원하지 않습니다.
C:\Users\User\Desktop\practice\EnetPorting\EnetPorting\enet.h(198,19): error C2238: ';' 앞에 예기치 않은 토큰이 있습니다.
C:\Users\User\Desktop\practice\EnetPorting\EnetPorting\enet.h(392,2): warning C4091: 'typedef ': 변수를 선언하지 않으면 'ENetEvent' 왼쪽은 무시됩니다.
C:\Users\User\Desktop\practice\EnetPorting\EnetPorting\enet.h(395,1): error C2011: 'ENetBuffer': 'struct' 형식 재정의
C:\Users\User\Desktop\practice\EnetPorting\EnetPorting\Types.h(20): message : 'ENetBuffer' 선언을 참조하십시오.
C:\Users\User\Desktop\practice\EnetPorting\EnetPorting\host.cpp(121,22): error C2039: 'host': 'ENetPeer'의 멤버가 아닙니다.
C:\Users\User\Desktop\practice\EnetPorting\EnetPorting\enet.h(195): message : 'ENetPeer' 선언을 참조하십시오.
C:\Users\User\Desktop\practice\EnetPorting\EnetPorting\host.cpp(253,36): warning C4267: '인수': 'size_t'에서 'u_long'(으)로 변환하면서 데이터가 손실될 수 있습니다.
  list.cpp
C:\Users\User\Desktop\practice\EnetPorting\EnetPorting\Defines.h(5,1): warning C4005: 'ENET_API': 매크로 재정의
C:\Users\User\Desktop\practice\EnetPorting\EnetPorting\Types.h(35): message : 'ENET_API'의 이전 정의를 참조하십시오.
C:\Users\User\Desktop\practice\EnetPorting\EnetPorting\Packet.h(66,28): error C2039: 'shared_ptr': 'std'의 멤버가 아닙니다.
C:\Program Files\Microsoft Visual Studio\2022\Community\VC\Tools\MSVC\14.33.31629\include\list(24): message : 'std' 선언을 참조하십시오.
C:\Users\User\Desktop\practice\EnetPorting\EnetPorting\Packet.h(66,38): error C2061: 구문 오류: 식별자 'shared_ptr'
C:\Users\User\Desktop\practice\EnetPorting\EnetPorting\callbacks.h(27,29): error C3861: 'Forward': 식별자를 찾을 수 없습니다.
C:\Users\User\Desktop\practice\EnetPorting\EnetPorting\callbacks.h(42): message : 컴파일되는 클래스 템플릿 인스턴스화 'EnetFunction<Ret,Args...>'에 대한 참조를 확인하세요.
C:\Users\User\Desktop\practice\EnetPorting\EnetPorting\callbacks.h(27,29): error C2065: 'Forward': 선언되지 않은 식별자입니다.
C:\Users\User\Desktop\practice\EnetPorting\EnetPorting\list.h(36,21): error C2143: 구문 오류: ';'이(가) '&' 앞에 없습니다.
C:\Users\User\Desktop\practice\EnetPorting\EnetPorting\list.h(66): message : 컴파일되는 클래스 템플릿 인스턴스화 'ENetIterator<T>'에 대한 참조를 확인하세요.
C:\Users\User\Desktop\practice\EnetPorting\EnetPorting\list.h(36,1): error C4430: 형식 지정자가 없습니다. int로 가정합니다. 참고: C++에서는 기본 int를 지원하지 않습니다.
C:\Users\User\Desktop\practice\EnetPorting\EnetPorting\list.h(36,1): error C2334: '{' 앞에 예기치 않은 토큰이 있습니다. 명백한 함수 본문을 건너뜁니다.
C:\Users\User\Desktop\practice\EnetPorting\EnetPorting\list.h(41,22): error C2143: 구문 오류: ';'이(가) '++' 앞에 없습니다.
C:\Users\User\Desktop\practice\EnetPorting\EnetPorting\list.h(41,1): error C4430: 형식 지정자가 없습니다. int로 가정합니다. 참고: C++에서는 기본 int를 지원하지 않습니다.
C:\Users\User\Desktop\practice\EnetPorting\EnetPorting\list.h(47,21): error C2143: 구문 오류: ';'이(가) '&' 앞에 없습니다.
C:\Users\User\Desktop\practice\EnetPorting\EnetPorting\list.h(47,1): error C4430: 형식 지정자가 없습니다. int로 가정합니다. 참고: C++에서는 기본 int를 지원하지 않습니다.
C:\Users\User\Desktop\practice\EnetPorting\EnetPorting\list.h(47,1): error C2334: '{' 앞에 예기치 않은 토큰이 있습니다. 명백한 함수 본문을 건너뜁니다.
C:\Users\User\Desktop\practice\EnetPorting\EnetPorting\list.h(52,22): error C2143: 구문 오류: ';'이(가) '--' 앞에 없습니다.
C:\Users\User\Desktop\practice\EnetPorting\EnetPorting\list.h(52,1): error C4430: 형식 지정자가 없습니다. int로 가정합니다. 참고: C++에서는 기본 int를 지원하지 않습니다.
C:\Users\User\Desktop\practice\EnetPorting\EnetPorting\list.h(42,9): error C2065: 'ENetListIterator': 선언되지 않은 식별자입니다.
C:\Users\User\Desktop\practice\EnetPorting\EnetPorting\list.h(42,26): error C3878: 구문 오류: 예기치 않은 토큰 '식별자'이(가) 'expression' 다음에 있습니다.
C:\Users\User\Desktop\practice\EnetPorting\EnetPorting\list.h(42,26): message : 오류 복구를 건너뛰었습니다. '식별자 ( *  . . . this'
C:\Users\User\Desktop\practice\EnetPorting\EnetPorting\list.h(42,35): error C2760: 구문 오류: 여기서 ')'은(는) 예상치 못한 오류였습니다. 예상된 오류는 ';'였습니다
C:\Users\User\Desktop\practice\EnetPorting\EnetPorting\list.h(42,35): error C3878: 구문 오류: 예기치 않은 토큰 ')'이(가) 'expression_statement' 다음에 있습니다.
C:\Users\User\Desktop\practice\EnetPorting\EnetPorting\list.h(42,35): message : 오류 복구를 건너뛰었습니다. ')'
C:\Users\User\Desktop\practice\EnetPorting\EnetPorting\list.h(44,16): error C2065: 'tmp': 선언되지 않은 식별자입니다.
C:\Users\User\Desktop\practice\EnetPorting\EnetPorting\list.h(53,9): error C2065: 'ENetListIterator': 선언되지 않은 식별자입니다.
C:\Users\User\Desktop\practice\EnetPorting\EnetPorting\list.h(53,26): error C3878: 구문 오류: 예기치 않은 토큰 '식별자'이(가) 'expression' 다음에 있습니다.
C:\Users\User\Desktop\practice\EnetPorting\EnetPorting\list.h(53,26): message : 오류 복구를 건너뛰었습니다. '식별자 ( *  . . . this'
C:\Users\User\Desktop\practice\EnetPorting\EnetPorting\list.h(53,35): error C2760: 구문 오류: 여기서 ')'은(는) 예상치 못한 오류였습니다. 예상된 오류는 ';'였습니다
C:\Users\User\Desktop\practice\EnetPorting\EnetPorting\list.h(53,35): error C3878: 구문 오류: 예기치 않은 토큰 ')'이(가) 'expression_statement' 다음에 있습니다.
C:\Users\User\Desktop\practice\EnetPorting\EnetPorting\list.h(53,35): message : 오류 복구를 건너뛰었습니다. ')'
C:\Users\User\Desktop\practice\EnetPorting\EnetPorting\list.h(55,16): error C2065: 'tmp': 선언되지 않은 식별자입니다.
C:\Users\User\Desktop\practice\EnetPorting\EnetPorting\enet.h(198,13): error C2143: 구문 오류: ';'이(가) '*' 앞에 없습니다.
C:\Users\User\Desktop\practice\EnetPorting\EnetPorting\enet.h(198,13): error C4430: 형식 지정자가 없습니다. int로 가정합니다. 참고: C++에서는 기본 int를 지원하지 않습니다.
C:\Users\User\Desktop\practice\EnetPorting\EnetPorting\enet.h(198,19): error C2238: ';' 앞에 예기치 않은 토큰이 있습니다.
C:\Users\User\Desktop\practice\EnetPorting\EnetPorting\enet.h(392,2): warning C4091: 'typedef ': 변수를 선언하지 않으면 'ENetEvent' 왼쪽은 무시됩니다.
C:\Users\User\Desktop\practice\EnetPorting\EnetPorting\enet.h(395,1): error C2011: 'ENetBuffer': 'struct' 형식 재정의
C:\Users\User\Desktop\practice\EnetPorting\EnetPorting\Types.h(20): message : 'ENetBuffer' 선언을 참조하십시오.
C:\Users\User\Desktop\practice\EnetPorting\EnetPorting\list.cpp(75,11): error C2084: 'ENetList::ENetList(void)' 함수에 이미 본문이 있습니다.
C:\Users\User\Desktop\practice\EnetPorting\EnetPorting\list.h(75): message : '{ctor}'의 이전 정의를 참조하십시오.
  Packet.cpp
C:\Users\User\Desktop\practice\EnetPorting\EnetPorting\Packet.h(56,30): error C3646: 'flags': 알 수 없는 재정의 지정자입니다.
C:\Users\User\Desktop\practice\EnetPorting\EnetPorting\Packet.h(56,35): error C4430: 형식 지정자가 없습니다. int로 가정합니다. 참고: C++에서는 기본 int를 지원하지 않습니다.
C:\Users\User\Desktop\practice\EnetPorting\EnetPorting\Packet.h(57,15): error C2143: 구문 오류: ';'이(가) '*' 앞에 없습니다.
C:\Users\User\Desktop\practice\EnetPorting\EnetPorting\Packet.h(57,15): error C4430: 형식 지정자가 없습니다. int로 가정합니다. 참고: C++에서는 기본 int를 지원하지 않습니다.
C:\Users\User\Desktop\practice\EnetPorting\EnetPorting\Packet.h(57,34): error C2238: ';' 앞에 예기치 않은 토큰이 있습니다.
C:\Users\User\Desktop\practice\EnetPorting\EnetPorting\Packet.h(66,28): error C2039: 'shared_ptr': 'std'의 멤버가 아닙니다.
C:\Users\User\Desktop\practice\EnetPorting\EnetPorting\predefined C++ types (compiler internal)(342): message : 'std' 선언을 참조하십시오.
C:\Users\User\Desktop\practice\EnetPorting\EnetPorting\Packet.h(66,38): error C2061: 구문 오류: 식별자 'shared_ptr'
C:\Users\User\Desktop\practice\EnetPorting\EnetPorting\Defines.h(5,1): warning C4005: 'ENET_API': 매크로 재정의
C:\Users\User\Desktop\practice\EnetPorting\EnetPorting\Types.h(35): message : 'ENET_API'의 이전 정의를 참조하십시오.
C:\Users\User\Desktop\practice\EnetPorting\EnetPorting\callbacks.h(27,29): error C3861: 'Forward': 식별자를 찾을 수 없습니다.
C:\Users\User\Desktop\practice\EnetPorting\EnetPorting\callbacks.h(42): message : 컴파일되는 클래스 템플릿 인스턴스화 'EnetFunction<Ret,Args...>'에 대한 참조를 확인하세요.
C:\Users\User\Desktop\practice\EnetPorting\EnetPorting\callbacks.h(27,29): error C2065: 'Forward': 선언되지 않은 식별자입니다.
C:\Users\User\Desktop\practice\EnetPorting\EnetPorting\list.h(36,21): error C2143: 구문 오류: ';'이(가) '&' 앞에 없습니다.
C:\Users\User\Desktop\practice\EnetPorting\EnetPorting\list.h(66): message : 컴파일되는 클래스 템플릿 인스턴스화 'ENetIterator<T>'에 대한 참조를 확인하세요.
C:\Users\User\Desktop\practice\EnetPorting\EnetPorting\list.h(36,1): error C4430: 형식 지정자가 없습니다. int로 가정합니다. 참고: C++에서는 기본 int를 지원하지 않습니다.
C:\Users\User\Desktop\practice\EnetPorting\EnetPorting\list.h(36,1): error C2334: '{' 앞에 예기치 않은 토큰이 있습니다. 명백한 함수 본문을 건너뜁니다.
C:\Users\User\Desktop\practice\EnetPorting\EnetPorting\list.h(41,22): error C2143: 구문 오류: ';'이(가) '++' 앞에 없습니다.
C:\Users\User\Desktop\practice\EnetPorting\EnetPorting\list.h(41,1): error C4430: 형식 지정자가 없습니다. int로 가정합니다. 참고: C++에서는 기본 int를 지원하지 않습니다.
C:\Users\User\Desktop\practice\EnetPorting\EnetPorting\list.h(47,21): error C2143: 구문 오류: ';'이(가) '&' 앞에 없습니다.
C:\Users\User\Desktop\practice\EnetPorting\EnetPorting\list.h(47,1): error C4430: 형식 지정자가 없습니다. int로 가정합니다. 참고: C++에서는 기본 int를 지원하지 않습니다.
C:\Users\User\Desktop\practice\EnetPorting\EnetPorting\list.h(47,1): error C2334: '{' 앞에 예기치 않은 토큰이 있습니다. 명백한 함수 본문을 건너뜁니다.
C:\Users\User\Desktop\practice\EnetPorting\EnetPorting\list.h(52,22): error C2143: 구문 오류: ';'이(가) '--' 앞에 없습니다.
C:\Users\User\Desktop\practice\EnetPorting\EnetPorting\list.h(52,1): error C4430: 형식 지정자가 없습니다. int로 가정합니다. 참고: C++에서는 기본 int를 지원하지 않습니다.
C:\Users\User\Desktop\practice\EnetPorting\EnetPorting\list.h(42,9): error C2065: 'ENetListIterator': 선언되지 않은 식별자입니다.
C:\Users\User\Desktop\practice\EnetPorting\EnetPorting\list.h(42,26): error C3878: 구문 오류: 예기치 않은 토큰 '식별자'이(가) 'expression' 다음에 있습니다.
C:\Users\User\Desktop\practice\EnetPorting\EnetPorting\list.h(42,26): message : 오류 복구를 건너뛰었습니다. '식별자 ( *  . . . this'
C:\Users\User\Desktop\practice\EnetPorting\EnetPorting\list.h(42,35): error C2760: 구문 오류: 여기서 ')'은(는) 예상치 못한 오류였습니다. 예상된 오류는 ';'였습니다
C:\Users\User\Desktop\practice\EnetPorting\EnetPorting\list.h(42,35): error C3878: 구문 오류: 예기치 않은 토큰 ')'이(가) 'expression_statement' 다음에 있습니다.
C:\Users\User\Desktop\practice\EnetPorting\EnetPorting\list.h(42,35): message : 오류 복구를 건너뛰었습니다. ')'
C:\Users\User\Desktop\practice\EnetPorting\EnetPorting\list.h(44,16): error C2065: 'tmp': 선언되지 않은 식별자입니다.
C:\Users\User\Desktop\practice\EnetPorting\EnetPorting\list.h(53,9): error C2065: 'ENetListIterator': 선언되지 않은 식별자입니다.
C:\Users\User\Desktop\practice\EnetPorting\EnetPorting\list.h(53,26): error C3878: 구문 오류: 예기치 않은 토큰 '식별자'이(가) 'expression' 다음에 있습니다.
C:\Users\User\Desktop\practice\EnetPorting\EnetPorting\list.h(53,26): message : 오류 복구를 건너뛰었습니다. '식별자 ( *  . . . this'
C:\Users\User\Desktop\practice\EnetPorting\EnetPorting\list.h(53,35): error C2760: 구문 오류: 여기서 ')'은(는) 예상치 못한 오류였습니다. 예상된 오류는 ';'였습니다
C:\Users\User\Desktop\practice\EnetPorting\EnetPorting\list.h(53,35): error C3878: 구문 오류: 예기치 않은 토큰 ')'이(가) 'expression_statement' 다음에 있습니다.
C:\Users\User\Desktop\practice\EnetPorting\EnetPorting\list.h(53,35): message : 오류 복구를 건너뛰었습니다. ')'
C:\Users\User\Desktop\practice\EnetPorting\EnetPorting\list.h(55,16): error C2065: 'tmp': 선언되지 않은 식별자입니다.
C:\Users\User\Desktop\practice\EnetPorting\EnetPorting\enet.h(198,13): error C2143: 구문 오류: ';'이(가) '*' 앞에 없습니다.
C:\Users\User\Desktop\practice\EnetPorting\EnetPorting\enet.h(198,13): error C4430: 형식 지정자가 없습니다. int로 가정합니다. 참고: C++에서는 기본 int를 지원하지 않습니다.
C:\Users\User\Desktop\practice\EnetPorting\EnetPorting\enet.h(198,19): error C2238: ';' 앞에 예기치 않은 토큰이 있습니다.
C:\Users\User\Desktop\practice\EnetPorting\EnetPorting\enet.h(392,2): warning C4091: 'typedef ': 변수를 선언하지 않으면 'ENetEvent' 왼쪽은 무시됩니다.
C:\Users\User\Desktop\practice\EnetPorting\EnetPorting\enet.h(395,1): error C2011: 'ENetBuffer': 'struct' 형식 재정의
C:\Users\User\Desktop\practice\EnetPorting\EnetPorting\Types.h(20): message : 'ENetBuffer' 선언을 참조하십시오.
C:\Users\User\Desktop\practice\EnetPorting\EnetPorting\Packet.cpp(49,33): error C4430: 형식 지정자가 없습니다. int로 가정합니다. 참고: C++에서는 기본 int를 지원하지 않습니다.
C:\Users\User\Desktop\practice\EnetPorting\EnetPorting\Packet.cpp(49,15): error C2146: 구문 오류: ';'이(가) 'enet_packet_create' 식별자 앞에 없습니다.
C:\Users\User\Desktop\practice\EnetPorting\EnetPorting\Packet.cpp(50,1): error C2143: 구문 오류: ';'이(가) '{' 앞에 없습니다.
C:\Users\User\Desktop\practice\EnetPorting\EnetPorting\Packet.cpp(50,1): error C2447: '{': 함수 헤더가 없습니다. 이전 스타일의 형식 목록입니까?
C:\Users\User\Desktop\practice\EnetPorting\EnetPorting\Packet.cpp(86,17): error C2039: 'freeCallback': 'ENetPacket'의 멤버가 아닙니다.
C:\Users\User\Desktop\practice\EnetPorting\EnetPorting\Packet.h(52): message : 'ENetPacket' 선언을 참조하십시오.
C:\Users\User\Desktop\practice\EnetPorting\EnetPorting\Packet.cpp(87,19): error C2039: 'freeCallback': 'ENetPacket'의 멤버가 아닙니다.
C:\Users\User\Desktop\practice\EnetPorting\EnetPorting\Packet.h(52): message : 'ENetPacket' 선언을 참조하십시오.
C:\Users\User\Desktop\practice\EnetPorting\EnetPorting\Packet.cpp(88,19): error C2039: 'flags': 'ENetPacket'의 멤버가 아닙니다.
C:\Users\User\Desktop\practice\EnetPorting\EnetPorting\Packet.h(52): message : 'ENetPacket' 선언을 참조하십시오.
C:\Users\User\Desktop\practice\EnetPorting\EnetPorting\Packet.cpp(89,17): error C2039: 'data': 'ENetPacket'의 멤버가 아닙니다.
C:\Users\User\Desktop\practice\EnetPorting\EnetPorting\Packet.h(52): message : 'ENetPacket' 선언을 참조하십시오.
C:\Users\User\Desktop\practice\EnetPorting\EnetPorting\Packet.cpp(90,27): error C2039: 'data': 'ENetPacket'의 멤버가 아닙니다.
C:\Users\User\Desktop\practice\EnetPorting\EnetPorting\Packet.h(52): message : 'ENetPacket' 선언을 참조하십시오.
C:\Users\User\Desktop\practice\EnetPorting\EnetPorting\Packet.cpp(98,54): error C2039: 'flags': 'ENetPacket'의 멤버가 아닙니다.
C:\Users\User\Desktop\practice\EnetPorting\EnetPorting\Packet.h(52): message : 'ENetPacket' 선언을 참조하십시오.
C:\Users\User\Desktop\practice\EnetPorting\EnetPorting\Packet.cpp(109,17): error C2039: 'data': 'ENetPacket'의 멤버가 아닙니다.
C:\Users\User\Desktop\practice\EnetPorting\EnetPorting\Packet.h(52): message : 'ENetPacket' 선언을 참조하십시오.
C:\Users\User\Desktop\practice\EnetPorting\EnetPorting\Packet.cpp(112,37): error C2039: 'data': 'ENetPacket'의 멤버가 아닙니다.
C:\Users\User\Desktop\practice\EnetPorting\EnetPorting\Packet.h(52): message : 'ENetPacket' 선언을 참조하십시오.
C:\Users\User\Desktop\practice\EnetPorting\EnetPorting\Packet.cpp(112,61): error C2660: 'memcpy': 함수는 2개의 인수를 사용하지 않습니다.
C:\Program Files\Microsoft Visual Studio\2022\Community\VC\Tools\MSVC\14.33.31629\include\vcruntime_string.h(43,15): message : 'memcpy' 선언을 참조하십시오.
C:\Users\User\Desktop\practice\EnetPorting\EnetPorting\Packet.cpp(114,27): error C2039: 'data': 'ENetPacket'의 멤버가 아닙니다.
C:\Users\User\Desktop\practice\EnetPorting\EnetPorting\Packet.h(52): message : 'ENetPacket' 선언을 참조하십시오.
C:\Users\User\Desktop\practice\EnetPorting\EnetPorting\Packet.cpp(117,13): error C2039: 'data': 'ENetPacket'의 멤버가 아닙니다.
C:\Users\User\Desktop\practice\EnetPorting\EnetPorting\Packet.h(52): message : 'ENetPacket' 선언을 참조하십시오.
C:\Users\User\Desktop\practice\EnetPorting\EnetPorting\Packet.cpp(129,60): error C2027: 정의되지 않은 형식 'ENetBuffer'을(를) 사용했습니다.
C:\Users\User\Desktop\practice\EnetPorting\EnetPorting\Types.h(20): message : 'ENetBuffer' 선언을 참조하십시오.
C:\Users\User\Desktop\practice\EnetPorting\EnetPorting\Packet.cpp(130,38): error C2027: 정의되지 않은 형식 'ENetBuffer'을(를) 사용했습니다.
C:\Users\User\Desktop\practice\EnetPorting\EnetPorting\Types.h(20): message : 'ENetBuffer' 선언을 참조하십시오.
  peer.cpp
C:\Users\User\Desktop\practice\EnetPorting\EnetPorting\Defines.h(5,1): warning C4005: 'ENET_API': 매크로 재정의
C:\Users\User\Desktop\practice\EnetPorting\EnetPorting\Types.h(35): message : 'ENET_API'의 이전 정의를 참조하십시오.
C:\Users\User\Desktop\practice\EnetPorting\EnetPorting\Packet.h(66,28): error C2039: 'shared_ptr': 'std'의 멤버가 아닙니다.
C:\Program Files\Microsoft Visual Studio\2022\Community\VC\Tools\MSVC\14.33.31629\include\list(24): message : 'std' 선언을 참조하십시오.
C:\Users\User\Desktop\practice\EnetPorting\EnetPorting\Packet.h(66,38): error C2061: 구문 오류: 식별자 'shared_ptr'
C:\Users\User\Desktop\practice\EnetPorting\EnetPorting\callbacks.h(27,29): error C3861: 'Forward': 식별자를 찾을 수 없습니다.
C:\Users\User\Desktop\practice\EnetPorting\EnetPorting\callbacks.h(42): message : 컴파일되는 클래스 템플릿 인스턴스화 'EnetFunction<Ret,Args...>'에 대한 참조를 확인하세요.
C:\Users\User\Desktop\practice\EnetPorting\EnetPorting\callbacks.h(27,29): error C2065: 'Forward': 선언되지 않은 식별자입니다.
C:\Users\User\Desktop\practice\EnetPorting\EnetPorting\list.h(36,21): error C2143: 구문 오류: ';'이(가) '&' 앞에 없습니다.
C:\Users\User\Desktop\practice\EnetPorting\EnetPorting\list.h(66): message : 컴파일되는 클래스 템플릿 인스턴스화 'ENetIterator<T>'에 대한 참조를 확인하세요.
C:\Users\User\Desktop\practice\EnetPorting\EnetPorting\list.h(36,1): error C4430: 형식 지정자가 없습니다. int로 가정합니다. 참고: C++에서는 기본 int를 지원하지 않습니다.
C:\Users\User\Desktop\practice\EnetPorting\EnetPorting\list.h(36,1): error C2334: '{' 앞에 예기치 않은 토큰이 있습니다. 명백한 함수 본문을 건너뜁니다.
C:\Users\User\Desktop\practice\EnetPorting\EnetPorting\list.h(41,22): error C2143: 구문 오류: ';'이(가) '++' 앞에 없습니다.
C:\Users\User\Desktop\practice\EnetPorting\EnetPorting\list.h(41,1): error C4430: 형식 지정자가 없습니다. int로 가정합니다. 참고: C++에서는 기본 int를 지원하지 않습니다.
C:\Users\User\Desktop\practice\EnetPorting\EnetPorting\list.h(47,21): error C2143: 구문 오류: ';'이(가) '&' 앞에 없습니다.
C:\Users\User\Desktop\practice\EnetPorting\EnetPorting\list.h(47,1): error C4430: 형식 지정자가 없습니다. int로 가정합니다. 참고: C++에서는 기본 int를 지원하지 않습니다.
C:\Users\User\Desktop\practice\EnetPorting\EnetPorting\list.h(47,1): error C2334: '{' 앞에 예기치 않은 토큰이 있습니다. 명백한 함수 본문을 건너뜁니다.
C:\Users\User\Desktop\practice\EnetPorting\EnetPorting\list.h(52,22): error C2143: 구문 오류: ';'이(가) '--' 앞에 없습니다.
C:\Users\User\Desktop\practice\EnetPorting\EnetPorting\list.h(52,1): error C4430: 형식 지정자가 없습니다. int로 가정합니다. 참고: C++에서는 기본 int를 지원하지 않습니다.
C:\Users\User\Desktop\practice\EnetPorting\EnetPorting\list.h(42,9): error C2065: 'ENetListIterator': 선언되지 않은 식별자입니다.
C:\Users\User\Desktop\practice\EnetPorting\EnetPorting\list.h(42,26): error C3878: 구문 오류: 예기치 않은 토큰 '식별자'이(가) 'expression' 다음에 있습니다.
C:\Users\User\Desktop\practice\EnetPorting\EnetPorting\list.h(42,26): message : 오류 복구를 건너뛰었습니다. '식별자 ( *  . . . this'
C:\Users\User\Desktop\practice\EnetPorting\EnetPorting\list.h(42,35): error C2760: 구문 오류: 여기서 ')'은(는) 예상치 못한 오류였습니다. 예상된 오류는 ';'였습니다
C:\Users\User\Desktop\practice\EnetPorting\EnetPorting\list.h(42,35): error C3878: 구문 오류: 예기치 않은 토큰 ')'이(가) 'expression_statement' 다음에 있습니다.
C:\Users\User\Desktop\practice\EnetPorting\EnetPorting\list.h(42,35): message : 오류 복구를 건너뛰었습니다. ')'
C:\Users\User\Desktop\practice\EnetPorting\EnetPorting\list.h(44,16): error C2065: 'tmp': 선언되지 않은 식별자입니다.
C:\Users\User\Desktop\practice\EnetPorting\EnetPorting\list.h(53,9): error C2065: 'ENetListIterator': 선언되지 않은 식별자입니다.
C:\Users\User\Desktop\practice\EnetPorting\EnetPorting\list.h(53,26): error C3878: 구문 오류: 예기치 않은 토큰 '식별자'이(가) 'expression' 다음에 있습니다.
C:\Users\User\Desktop\practice\EnetPorting\EnetPorting\list.h(53,26): message : 오류 복구를 건너뛰었습니다. '식별자 ( *  . . . this'
C:\Users\User\Desktop\practice\EnetPorting\EnetPorting\list.h(53,35): error C2760: 구문 오류: 여기서 ')'은(는) 예상치 못한 오류였습니다. 예상된 오류는 ';'였습니다
C:\Users\User\Desktop\practice\EnetPorting\EnetPorting\list.h(53,35): error C3878: 구문 오류: 예기치 않은 토큰 ')'이(가) 'expression_statement' 다음에 있습니다.
C:\Users\User\Desktop\practice\EnetPorting\EnetPorting\list.h(53,35): message : 오류 복구를 건너뛰었습니다. ')'
C:\Users\User\Desktop\practice\EnetPorting\EnetPorting\list.h(55,16): error C2065: 'tmp': 선언되지 않은 식별자입니다.
C:\Users\User\Desktop\practice\EnetPorting\EnetPorting\enet.h(198,13): error C2143: 구문 오류: ';'이(가) '*' 앞에 없습니다.
C:\Users\User\Desktop\practice\EnetPorting\EnetPorting\enet.h(198,13): error C4430: 형식 지정자가 없습니다. int로 가정합니다. 참고: C++에서는 기본 int를 지원하지 않습니다.
C:\Users\User\Desktop\practice\EnetPorting\EnetPorting\enet.h(198,19): error C2238: ';' 앞에 예기치 않은 토큰이 있습니다.
C:\Users\User\Desktop\practice\EnetPorting\EnetPorting\enet.h(392,2): warning C4091: 'typedef ': 변수를 선언하지 않으면 'ENetEvent' 왼쪽은 무시됩니다.
C:\Users\User\Desktop\practice\EnetPorting\EnetPorting\enet.h(395,1): error C2011: 'ENetBuffer': 'struct' 형식 재정의
C:\Users\User\Desktop\practice\EnetPorting\EnetPorting\Types.h(20): message : 'ENetBuffer' 선언을 참조하십시오.
C:\Users\User\Desktop\practice\EnetPorting\EnetPorting\peer.cpp(123,36): error C2039: 'host': 'ENetPeer'의 멤버가 아닙니다.
C:\Users\User\Desktop\practice\EnetPorting\EnetPorting\enet.h(195): message : 'ENetPeer' 선언을 참조하십시오.
C:\Users\User\Desktop\practice\EnetPorting\EnetPorting\peer.cpp(128,15): error C2039: 'host': 'ENetPeer'의 멤버가 아닙니다.
C:\Users\User\Desktop\practice\EnetPorting\EnetPorting\enet.h(195): message : 'ENetPeer' 선언을 참조하십시오.
C:\Users\User\Desktop\practice\EnetPorting\EnetPorting\peer.cpp(134,95): warning C4267: '초기화 중': 'size_t'에서 'enet_uint32'(으)로 변환하면서 데이터가 손실될 수 있습니다.
C:\Users\User\Desktop\practice\EnetPorting\EnetPorting\peer.cpp(163,31): warning C4267: '+=': 'size_t'에서 'enet_uint32'(으)로 변환하면서 데이터가 손실될 수 있습니다.
C:\Users\User\Desktop\practice\EnetPorting\EnetPorting\peer.cpp(182,54): warning C4267: '=': 'size_t'에서 'enet_uint16'(으)로 변환하면서 데이터가 손실될 수 있습니다.
C:\Users\User\Desktop\practice\EnetPorting\EnetPorting\peer.cpp(187,57): warning C4267: '인수': 'size_t'에서 'u_short'(으)로 변환하면서 데이터가 손실될 수 있습니다.
C:\Users\User\Desktop\practice\EnetPorting\EnetPorting\peer.cpp(190,58): warning C4267: '인수': 'size_t'에서 'u_long'(으)로 변환하면서 데이터가 손실될 수 있습니다.
C:\Users\User\Desktop\practice\EnetPorting\EnetPorting\peer.cpp(213,46): warning C4267: '인수': 'size_t'에서 'u_short'(으)로 변환하면서 데이터가 손실될 수 있습니다.
C:\Users\User\Desktop\practice\EnetPorting\EnetPorting\peer.cpp(219,47): warning C4267: '인수': 'size_t'에서 'u_short'(으)로 변환하면서 데이터가 손실될 수 있습니다.
C:\Users\User\Desktop\practice\EnetPorting\EnetPorting\peer.cpp(224,49): warning C4267: '인수': 'size_t'에서 'u_short'(으)로 변환하면서 데이터가 손실될 수 있습니다.
C:\Users\User\Desktop\practice\EnetPorting\EnetPorting\peer.cpp(227,8): warning C4267: '인수': 'size_t'에서 'enet_uint16'(으)로 변환하면서 데이터가 손실될 수 있습니다.
C:\Users\User\Desktop\practice\EnetPorting\EnetPorting\peer.cpp(368,21): error C2039: 'host': 'ENetPeer'의 멤버가 아닙니다.
C:\Users\User\Desktop\practice\EnetPorting\EnetPorting\enet.h(195): message : 'ENetPeer' 선언을 참조하십시오.
C:\Users\User\Desktop\practice\EnetPorting\EnetPorting\peer.cpp(370,17): error C2039: 'host': 'ENetPeer'의 멤버가 아닙니다.
C:\Users\User\Desktop\practice\EnetPorting\EnetPorting\enet.h(195): message : 'ENetPeer' 선언을 참조하십시오.
C:\Users\User\Desktop\practice\EnetPorting\EnetPorting\peer.cpp(379,21): error C2039: 'host': 'ENetPeer'의 멤버가 아닙니다.
C:\Users\User\Desktop\practice\EnetPorting\EnetPorting\enet.h(195): message : 'ENetPeer' 선언을 참조하십시오.
C:\Users\User\Desktop\practice\EnetPorting\EnetPorting\peer.cpp(381,17): error C2039: 'host': 'ENetPeer'의 멤버가 아닙니다.
C:\Users\User\Desktop\practice\EnetPorting\EnetPorting\enet.h(195): message : 'ENetPeer' 선언을 참조하십시오.
C:\Users\User\Desktop\practice\EnetPorting\EnetPorting\peer.cpp(433,23): error C2039: 'host': 'ENetPeer'의 멤버가 아닙니다.
C:\Users\User\Desktop\practice\EnetPorting\EnetPorting\enet.h(195): message : 'ENetPeer' 선언을 참조하십시오.
C:\Users\User\Desktop\practice\EnetPorting\EnetPorting\peer.cpp(533,31): error C2039: 'host': 'ENetPeer'의 멤버가 아닙니다.
C:\Users\User\Desktop\practice\EnetPorting\EnetPorting\enet.h(195): message : 'ENetPeer' 선언을 참조하십시오.
C:\Users\User\Desktop\practice\EnetPorting\EnetPorting\peer.cpp(576,31): error C2039: 'host': 'ENetPeer'의 멤버가 아닙니다.
C:\Users\User\Desktop\practice\EnetPorting\EnetPorting\enet.h(195): message : 'ENetPeer' 선언을 참조하십시오.
C:\Users\User\Desktop\practice\EnetPorting\EnetPorting\peer.cpp(651,100): warning C4267: '+=': 'size_t'에서 'enet_uint32'(으)로 변환하면서 데이터가 손실될 수 있습니다.
C:\Users\User\Desktop\practice\EnetPorting\EnetPorting\peer.cpp(696,42): error C2039: 'host': 'ENetPeer'의 멤버가 아닙니다.
C:\Users\User\Desktop\practice\EnetPorting\EnetPorting\enet.h(195): message : 'ENetPeer' 선언을 참조하십시오.
C:\Users\User\Desktop\practice\EnetPorting\EnetPorting\peer.cpp(771,27): error C2039: 'host': 'ENetPeer'의 멤버가 아닙니다.
C:\Users\User\Desktop\practice\EnetPorting\EnetPorting\enet.h(195): message : 'ENetPeer' 선언을 참조하십시오.
C:\Users\User\Desktop\practice\EnetPorting\EnetPorting\peer.cpp(771,60): error C2039: 'host': 'ENetPeer'의 멤버가 아닙니다.
C:\Users\User\Desktop\practice\EnetPorting\EnetPorting\enet.h(195): message : 'ENetPeer' 선언을 참조하십시오.
C:\Users\User\Desktop\practice\EnetPorting\EnetPorting\peer.cpp(801,27): error C2039: 'host': 'ENetPeer'의 멤버가 아닙니다.
C:\Users\User\Desktop\practice\EnetPorting\EnetPorting\enet.h(195): message : 'ENetPeer' 선언을 참조하십시오.
C:\Users\User\Desktop\practice\EnetPorting\EnetPorting\peer.cpp(801,60): error C2039: 'host': 'ENetPeer'의 멤버가 아닙니다.
C:\Users\User\Desktop\practice\EnetPorting\EnetPorting\enet.h(195): message : 'ENetPeer' 선언을 참조하십시오.
C:\Users\User\Desktop\practice\EnetPorting\EnetPorting\peer.cpp(817,19): error C2039: 'host': 'ENetPeer'의 멤버가 아닙니다.
C:\Users\User\Desktop\practice\EnetPorting\EnetPorting\enet.h(195): message : 'ENetPeer' 선언을 참조하십시오.
C:\Users\User\Desktop\practice\EnetPorting\EnetPorting\peer.cpp(817,52): error C2039: 'host': 'ENetPeer'의 멤버가 아닙니다.
C:\Users\User\Desktop\practice\EnetPorting\EnetPorting\enet.h(195): message : 'ENetPeer' 선언을 참조하십시오.
C:\Users\User\Desktop\practice\EnetPorting\EnetPorting\peer.cpp(858,15): error C2039: 'host': 'ENetPeer'의 멤버가 아닙니다.
C:\Users\User\Desktop\practice\EnetPorting\EnetPorting\enet.h(195): message : 'ENetPeer' 선언을 참조하십시오.
C:\Users\User\Desktop\practice\EnetPorting\EnetPorting\peer.cpp(858,48): error C2039: 'host': 'ENetPeer'의 멤버가 아닙니다.
C:\Users\User\Desktop\practice\EnetPorting\EnetPorting\enet.h(195): message : 'ENetPeer' 선언을 참조하십시오.
C:\Users\User\Desktop\practice\EnetPorting\EnetPorting\peer.cpp(996,41): error C2039: 'host': 'ENetPeer'의 멤버가 아닙니다.
C:\Users\User\Desktop\practice\EnetPorting\EnetPorting\enet.h(195): message : 'ENetPeer' 선언을 참조하십시오.
  protocol.cpp
C:\Users\User\Desktop\practice\EnetPorting\EnetPorting\Defines.h(5,1): warning C4005: 'ENET_API': 매크로 재정의
C:\Users\User\Desktop\practice\EnetPorting\EnetPorting\Types.h(35): message : 'ENET_API'의 이전 정의를 참조하십시오.
C:\Users\User\Desktop\practice\EnetPorting\EnetPorting\Packet.h(66,28): error C2039: 'shared_ptr': 'std'의 멤버가 아닙니다.
C:\Program Files\Microsoft Visual Studio\2022\Community\VC\Tools\MSVC\14.33.31629\include\list(24): message : 'std' 선언을 참조하십시오.
C:\Users\User\Desktop\practice\EnetPorting\EnetPorting\Packet.h(66,38): error C2061: 구문 오류: 식별자 'shared_ptr'
C:\Users\User\Desktop\practice\EnetPorting\EnetPorting\callbacks.h(27,29): error C3861: 'Forward': 식별자를 찾을 수 없습니다.
C:\Users\User\Desktop\practice\EnetPorting\EnetPorting\callbacks.h(42): message : 컴파일되는 클래스 템플릿 인스턴스화 'EnetFunction<Ret,Args...>'에 대한 참조를 확인하세요.
C:\Users\User\Desktop\practice\EnetPorting\EnetPorting\callbacks.h(27,29): error C2065: 'Forward': 선언되지 않은 식별자입니다.
C:\Users\User\Desktop\practice\EnetPorting\EnetPorting\list.h(36,21): error C2143: 구문 오류: ';'이(가) '&' 앞에 없습니다.
C:\Users\User\Desktop\practice\EnetPorting\EnetPorting\list.h(66): message : 컴파일되는 클래스 템플릿 인스턴스화 'ENetIterator<T>'에 대한 참조를 확인하세요.
C:\Users\User\Desktop\practice\EnetPorting\EnetPorting\list.h(36,1): error C4430: 형식 지정자가 없습니다. int로 가정합니다. 참고: C++에서는 기본 int를 지원하지 않습니다.
C:\Users\User\Desktop\practice\EnetPorting\EnetPorting\list.h(36,1): error C2334: '{' 앞에 예기치 않은 토큰이 있습니다. 명백한 함수 본문을 건너뜁니다.
C:\Users\User\Desktop\practice\EnetPorting\EnetPorting\list.h(41,22): error C2143: 구문 오류: ';'이(가) '++' 앞에 없습니다.
C:\Users\User\Desktop\practice\EnetPorting\EnetPorting\list.h(41,1): error C4430: 형식 지정자가 없습니다. int로 가정합니다. 참고: C++에서는 기본 int를 지원하지 않습니다.
C:\Users\User\Desktop\practice\EnetPorting\EnetPorting\list.h(47,21): error C2143: 구문 오류: ';'이(가) '&' 앞에 없습니다.
C:\Users\User\Desktop\practice\EnetPorting\EnetPorting\list.h(47,1): error C4430: 형식 지정자가 없습니다. int로 가정합니다. 참고: C++에서는 기본 int를 지원하지 않습니다.
C:\Users\User\Desktop\practice\EnetPorting\EnetPorting\list.h(47,1): error C2334: '{' 앞에 예기치 않은 토큰이 있습니다. 명백한 함수 본문을 건너뜁니다.
C:\Users\User\Desktop\practice\EnetPorting\EnetPorting\list.h(52,22): error C2143: 구문 오류: ';'이(가) '--' 앞에 없습니다.
C:\Users\User\Desktop\practice\EnetPorting\EnetPorting\list.h(52,1): error C4430: 형식 지정자가 없습니다. int로 가정합니다. 참고: C++에서는 기본 int를 지원하지 않습니다.
C:\Users\User\Desktop\practice\EnetPorting\EnetPorting\list.h(42,9): error C2065: 'ENetListIterator': 선언되지 않은 식별자입니다.
C:\Users\User\Desktop\practice\EnetPorting\EnetPorting\list.h(42,26): error C3878: 구문 오류: 예기치 않은 토큰 '식별자'이(가) 'expression' 다음에 있습니다.
C:\Users\User\Desktop\practice\EnetPorting\EnetPorting\list.h(42,26): message : 오류 복구를 건너뛰었습니다. '식별자 ( *  . . . this'
C:\Users\User\Desktop\practice\EnetPorting\EnetPorting\list.h(42,35): error C2760: 구문 오류: 여기서 ')'은(는) 예상치 못한 오류였습니다. 예상된 오류는 ';'였습니다
C:\Users\User\Desktop\practice\EnetPorting\EnetPorting\list.h(42,35): error C3878: 구문 오류: 예기치 않은 토큰 ')'이(가) 'expression_statement' 다음에 있습니다.
C:\Users\User\Desktop\practice\EnetPorting\EnetPorting\list.h(42,35): message : 오류 복구를 건너뛰었습니다. ')'
C:\Users\User\Desktop\practice\EnetPorting\EnetPorting\list.h(44,16): error C2065: 'tmp': 선언되지 않은 식별자입니다.
C:\Users\User\Desktop\practice\EnetPorting\EnetPorting\list.h(53,9): error C2065: 'ENetListIterator': 선언되지 않은 식별자입니다.
C:\Users\User\Desktop\practice\EnetPorting\EnetPorting\list.h(53,26): error C3878: 구문 오류: 예기치 않은 토큰 '식별자'이(가) 'expression' 다음에 있습니다.
C:\Users\User\Desktop\practice\EnetPorting\EnetPorting\list.h(53,26): message : 오류 복구를 건너뛰었습니다. '식별자 ( *  . . . this'
C:\Users\User\Desktop\practice\EnetPorting\EnetPorting\list.h(53,35): error C2760: 구문 오류: 여기서 ')'은(는) 예상치 못한 오류였습니다. 예상된 오류는 ';'였습니다
C:\Users\User\Desktop\practice\EnetPorting\EnetPorting\list.h(53,35): error C3878: 구문 오류: 예기치 않은 토큰 ')'이(가) 'expression_statement' 다음에 있습니다.
C:\Users\User\Desktop\practice\EnetPorting\EnetPorting\list.h(53,35): message : 오류 복구를 건너뛰었습니다. ')'
C:\Users\User\Desktop\practice\EnetPorting\EnetPorting\list.h(55,16): error C2065: 'tmp': 선언되지 않은 식별자입니다.
C:\Users\User\Desktop\practice\EnetPorting\EnetPorting\enet.h(198,13): error C2143: 구문 오류: ';'이(가) '*' 앞에 없습니다.
C:\Users\User\Desktop\practice\EnetPorting\EnetPorting\enet.h(198,13): error C4430: 형식 지정자가 없습니다. int로 가정합니다. 참고: C++에서는 기본 int를 지원하지 않습니다.
C:\Users\User\Desktop\practice\EnetPorting\EnetPorting\enet.h(198,19): error C2238: ';' 앞에 예기치 않은 토큰이 있습니다.
C:\Users\User\Desktop\practice\EnetPorting\EnetPorting\enet.h(392,2): warning C4091: 'typedef ': 변수를 선언하지 않으면 'ENetEvent' 왼쪽은 무시됩니다.
C:\Users\User\Desktop\practice\EnetPorting\EnetPorting\enet.h(395,1): error C2011: 'ENetBuffer': 'struct' 형식 재정의
C:\Users\User\Desktop\practice\EnetPorting\EnetPorting\Types.h(20): message : 'ENetBuffer' 선언을 참조하십시오.
C:\Users\User\Desktop\practice\EnetPorting\EnetPorting\protocol.cpp(427,48): warning C4267: '인수': 'size_t'에서 'u_long'(으)로 변환하면서 데이터가 손실될 수 있습니다.
C:\Users\User\Desktop\practice\EnetPorting\EnetPorting\protocol.cpp(633,79): warning C4267: '=': 'size_t'에서 'enet_uint32'(으)로 변환하면서 데이터가 손실될 수 있습니다.
C:\Users\User\Desktop\practice\EnetPorting\EnetPorting\protocol.cpp(706,84): error C2440: '형식 캐스트': 'ENetListIterator'에서 'ENetIncomingCommand *'(으)로 변환할 수 없습니다.
C:\Users\User\Desktop\practice\EnetPorting\EnetPorting\protocol.cpp(706,48): message : 이 변환을 수행할 수 있는 사용 가능한 사용자 정의 변환 연산자가 없거나 연산자를 호출할 수 없습니다.
C:\Users\User\Desktop\practice\EnetPorting\EnetPorting\protocol.cpp(752,79): warning C4267: '=': 'size_t'에서 'enet_uint32'(으)로 변환하면서 데이터가 손실될 수 있습니다.
C:\Users\User\Desktop\practice\EnetPorting\EnetPorting\protocol.cpp(1035,40): error C2440: '=': '_Ty *'에서 'ENetPeer *'(으)로 변환할 수 없습니다.
          with
          [
              _Ty=ENetPeer *
          ]
C:\Users\User\Desktop\practice\EnetPorting\EnetPorting\protocol.cpp(1035,20): message : 가리킨 형식이 관련이 없습니다. 변환하려면 reinterpret_cast, C 스타일 캐스트 또는 괄호가 있는 함수 스타일 캐스트가 필요합니다.
C:\Users\User\Desktop\practice\EnetPorting\EnetPorting\protocol.cpp(1070,20): error C2079: 'buffer'은(는) 정의되지 않은 struct 'ENetBuffer'을(를) 사용합니다.
C:\Users\User\Desktop\practice\EnetPorting\EnetPorting\protocol.cpp(1080,12): error C2664: 'enet_uint32 (const ENetBuffer *,size_t)': 인수 1을(를) 'int *'에서 'const ENetBuffer *'(으)로 변환할 수 없습니다.
C:\Users\User\Desktop\practice\EnetPorting\EnetPorting\protocol.cpp(1080,28): message : 가리킨 형식이 관련이 없습니다. 변환하려면 reinterpret_cast, C 스타일 캐스트 또는 괄호가 있는 함수 스타일 캐스트가 필요합니다.
C:\Users\User\Desktop\practice\EnetPorting\EnetPorting\protocol.cpp(1088,40): warning C4267: '+=': 'size_t'에서 'enet_uint32'(으)로 변환하면서 데이터가 손실될 수 있습니다.
C:\Users\User\Desktop\practice\EnetPorting\EnetPorting\protocol.cpp(1231,20): error C2079: 'buffer'은(는) 정의되지 않은 struct 'ENetBuffer'을(를) 사용합니다.
C:\Users\User\Desktop\practice\EnetPorting\EnetPorting\protocol.cpp(1236,26): error C2664: 'int enet_socket_receive(ENetSocket,ENetAddress *,ENetBuffer *,size_t)': 인수 3을(를) 'int *'에서 'ENetBuffer *'(으)로 변환할 수 없습니다.
C:\Users\User\Desktop\practice\EnetPorting\EnetPorting\protocol.cpp(1238,13): message : 가리킨 형식이 관련이 없습니다. 변환하려면 reinterpret_cast, C 스타일 캐스트 또는 괄호가 있는 함수 스타일 캐스트가 필요합니다.
C:\Users\User\Desktop\practice\EnetPorting\EnetPorting\enet.h(448,29): message : 'enet_socket_receive' 선언을 참조하십시오.
C:\Users\User\Desktop\practice\EnetPorting\EnetPorting\protocol.cpp(1258,20): error C2664: 'int (_ENetHost *,_ENetEvent *)': 인수 2을(를) 'ENetEvent *'에서 '_ENetEvent *'(으)로 변환할 수 없습니다.
C:\Users\User\Desktop\practice\EnetPorting\EnetPorting\protocol.cpp(1258,43): message : 가리킨 형식이 관련이 없습니다. 변환하려면 reinterpret_cast, C 스타일 캐스트 또는 괄호가 있는 함수 스타일 캐스트가 필요합니다.
C:\Users\User\Desktop\practice\EnetPorting\EnetPorting\protocol.cpp(1258,20): error C2664: 'int (_ENetHost *,_ENetEvent *)': 인수 1을(를) 'ENetHost *'에서 '_ENetHost *'(으)로 변환할 수 없습니다.
C:\Users\User\Desktop\practice\EnetPorting\EnetPorting\protocol.cpp(1258,37): message : 가리킨 형식이 관련이 없습니다. 변환하려면 reinterpret_cast, C 스타일 캐스트 또는 괄호가 있는 함수 스타일 캐스트가 필요합니다.
C:\Users\User\Desktop\practice\EnetPorting\EnetPorting\protocol.cpp(1311,71): error C2440: '형식 캐스트': 'ENetListIterator'에서 'ENetAcknowledgement *'(으)로 변환할 수 없습니다.
C:\Users\User\Desktop\practice\EnetPorting\EnetPorting\protocol.cpp(1311,27): message : 이 변환을 수행할 수 있는 사용 가능한 사용자 정의 변환 연산자가 없거나 연산자를 호출할 수 없습니다.
C:\Users\User\Desktop\practice\EnetPorting\EnetPorting\protocol.cpp(1315,15): error C2027: 정의되지 않은 형식 'ENetBuffer'을(를) 사용했습니다.
C:\Users\User\Desktop\practice\EnetPorting\EnetPorting\Types.h(20): message : 'ENetBuffer' 선언을 참조하십시오.
C:\Users\User\Desktop\practice\EnetPorting\EnetPorting\protocol.cpp(1316,15): error C2027: 정의되지 않은 형식 'ENetBuffer'을(를) 사용했습니다.
C:\Users\User\Desktop\practice\EnetPorting\EnetPorting\Types.h(20): message : 'ENetBuffer' 선언을 참조하십시오.
C:\Users\User\Desktop\practice\EnetPorting\EnetPorting\protocol.cpp(1318,35): error C2027: 정의되지 않은 형식 'ENetBuffer'을(를) 사용했습니다.
C:\Users\User\Desktop\practice\EnetPorting\EnetPorting\Types.h(20): message : 'ENetBuffer' 선언을 참조하십시오.
C:\Users\User\Desktop\practice\EnetPorting\EnetPorting\protocol.cpp(1390,67): error C2440: '형식 캐스트': 'ENetListIterator'에서 'ENetOutgoingCommand *'(으)로 변환할 수 없습니다.
C:\Users\User\Desktop\practice\EnetPorting\EnetPorting\protocol.cpp(1390,31): message : 이 변환을 수행할 수 있는 사용 가능한 사용자 정의 변환 연산자가 없거나 연산자를 호출할 수 없습니다.
C:\Users\User\Desktop\practice\EnetPorting\EnetPorting\protocol.cpp(1417,67): error C2440: '형식 캐스트': 'ENetListIterator'에서 'ENetOutgoingCommand *'(으)로 변환할 수 없습니다.
C:\Users\User\Desktop\practice\EnetPorting\EnetPorting\protocol.cpp(1417,31): message : 이 변환을 수행할 수 있는 사용 가능한 사용자 정의 변환 연산자가 없거나 연산자를 호출할 수 없습니다.
C:\Users\User\Desktop\practice\EnetPorting\EnetPorting\protocol.cpp(1420,1): error C2440: '형식 캐스트': 'ENetListIterator'에서 'ENetOutgoingCommand *'(으)로 변환할 수 없습니다.
C:\Users\User\Desktop\practice\EnetPorting\EnetPorting\protocol.cpp(1420,17): message : 이 변환을 수행할 수 있는 사용 가능한 사용자 정의 변환 연산자가 없거나 연산자를 호출할 수 없습니다.
C:\Users\User\Desktop\practice\EnetPorting\EnetPorting\protocol.cpp(1429,83): error C2440: '형식 캐스트': 'ENetListIterator'에서 'ENetOutgoingCommand *'(으)로 변환할 수 없습니다.
C:\Users\User\Desktop\practice\EnetPorting\EnetPorting\protocol.cpp(1429,35): message : 이 변환을 수행할 수 있는 사용 가능한 사용자 정의 변환 연산자가 없거나 연산자를 호출할 수 없습니다.
C:\Users\User\Desktop\practice\EnetPorting\EnetPorting\protocol.cpp(1533,79): error C2440: '형식 캐스트': 'ENetListIterator'에서 'ENetOutgoingCommand *'(으)로 변환할 수 없습니다.
C:\Users\User\Desktop\practice\EnetPorting\EnetPorting\protocol.cpp(1533,43): message : 이 변환을 수행할 수 있는 사용 가능한 사용자 정의 변환 연산자가 없거나 연산자를 호출할 수 없습니다.
C:\Users\User\Desktop\practice\EnetPorting\EnetPorting\protocol.cpp(1551,15): error C2027: 정의되지 않은 형식 'ENetBuffer'을(를) 사용했습니다.
C:\Users\User\Desktop\practice\EnetPorting\EnetPorting\Types.h(20): message : 'ENetBuffer' 선언을 참조하십시오.
C:\Users\User\Desktop\practice\EnetPorting\EnetPorting\protocol.cpp(1552,15): error C2027: 정의되지 않은 형식 'ENetBuffer'을(를) 사용했습니다.
C:\Users\User\Desktop\practice\EnetPorting\EnetPorting\Types.h(20): message : 'ENetBuffer' 선언을 참조하십시오.
C:\Users\User\Desktop\practice\EnetPorting\EnetPorting\protocol.cpp(1554,35): error C2027: 정의되지 않은 형식 'ENetBuffer'을(를) 사용했습니다.
C:\Users\User\Desktop\practice\EnetPorting\EnetPorting\Types.h(20): message : 'ENetBuffer' 선언을 참조하십시오.
C:\Users\User\Desktop\practice\EnetPorting\EnetPorting\protocol.cpp(1562,19): error C2027: 정의되지 않은 형식 'ENetBuffer'을(를) 사용했습니다.
C:\Users\User\Desktop\practice\EnetPorting\EnetPorting\Types.h(20): message : 'ENetBuffer' 선언을 참조하십시오.
C:\Users\User\Desktop\practice\EnetPorting\EnetPorting\protocol.cpp(1563,19): error C2027: 정의되지 않은 형식 'ENetBuffer'을(를) 사용했습니다.
C:\Users\User\Desktop\practice\EnetPorting\EnetPorting\Types.h(20): message : 'ENetBuffer' 선언을 참조하십시오.
C:\Users\User\Desktop\practice\EnetPorting\EnetPorting\protocol.cpp(1596,5): error C3861: 'enet_list_clear': 식별자를 찾을 수 없습니다.
C:\Users\User\Desktop\practice\EnetPorting\EnetPorting\protocol.cpp(1599,9): error C2440: '초기화 중': 'std::array<ENetPeer *,4095>'에서 'ENetPeer *'(으)로 변환할 수 없습니다.
C:\Users\User\Desktop\practice\EnetPorting\EnetPorting\protocol.cpp(1599,36): message : 이 변환을 수행할 수 있는 사용 가능한 사용자 정의 변환 연산자가 없거나 연산자를 호출할 수 없습니다.
C:\Users\User\Desktop\practice\EnetPorting\EnetPorting\protocol.cpp(1600,56): error C2446: '<': '_Ty *'에서 'ENetPeer *'(으)로 변환되지 않았습니다.
          with
          [
              _Ty=ENetPeer *
          ]
C:\Users\User\Desktop\practice\EnetPorting\EnetPorting\protocol.cpp(1600,27): message : 가리킨 형식이 관련이 없습니다. 변환하려면 reinterpret_cast, C 스타일 캐스트 또는 괄호가 있는 함수 스타일 캐스트가 필요합니다.
C:\Users\User\Desktop\practice\EnetPorting\EnetPorting\protocol.cpp(1663,22): error C2027: 정의되지 않은 형식 'ENetBuffer'을(를) 사용했습니다.
C:\Users\User\Desktop\practice\EnetPorting\EnetPorting\Types.h(20): message : 'ENetBuffer' 선언을 참조하십시오.
C:\Users\User\Desktop\practice\EnetPorting\EnetPorting\protocol.cpp(1668,26): error C2027: 정의되지 않은 형식 'ENetBuffer'을(를) 사용했습니다.
C:\Users\User\Desktop\practice\EnetPorting\EnetPorting\Types.h(20): message : 'ENetBuffer' 선언을 참조하십시오.
C:\Users\User\Desktop\practice\EnetPorting\EnetPorting\protocol.cpp(1671,26): error C2027: 정의되지 않은 형식 'ENetBuffer'을(를) 사용했습니다.
C:\Users\User\Desktop\practice\EnetPorting\EnetPorting\Types.h(20): message : 'ENetBuffer' 선언을 참조하십시오.
C:\Users\User\Desktop\practice\EnetPorting\EnetPorting\protocol.cpp(1697,76): error C2027: 정의되지 않은 형식 'ENetBuffer'을(를) 사용했습니다.
C:\Users\User\Desktop\practice\EnetPorting\EnetPorting\Types.h(20): message : 'ENetBuffer' 선언을 참조하십시오.
C:\Users\User\Desktop\practice\EnetPorting\EnetPorting\protocol.cpp(1701,26): error C2027: 정의되지 않은 형식 'ENetBuffer'을(를) 사용했습니다.
C:\Users\User\Desktop\practice\EnetPorting\EnetPorting\Types.h(20): message : 'ENetBuffer' 선언을 참조하십시오.
C:\Users\User\Desktop\practice\EnetPorting\EnetPorting\protocol.cpp(1708,29): error C2027: 정의되지 않은 형식 'ENetBuffer'을(를) 사용했습니다.
C:\Users\User\Desktop\practice\EnetPorting\EnetPorting\Types.h(20): message : 'ENetBuffer' 선언을 참조하십시오.
C:\Users\User\Desktop\practice\EnetPorting\EnetPorting\protocol.cpp(1709,29): error C2027: 정의되지 않은 형식 'ENetBuffer'을(를) 사용했습니다.
C:\Users\User\Desktop\practice\EnetPorting\EnetPorting\Types.h(20): message : 'ENetBuffer' 선언을 참조하십시오.
  코드를 생성하고 있습니다...
